2017-04-10 09:55:43,038 INFO  [Log] Pass 'Pass 'appPackage' step 
2017-04-10 09:56:49,973 INFO  [Log] Pass 'Pass 'appPackage' step 
2017-04-10 09:57:13,740 INFO  [Log] Pass 'Pass 'appPackage' step 
2017-04-10 09:57:24,992 INFO  [Log] Pass 'Pass 'appPackage' step 
2017-04-10 09:58:08,945 INFO  [Log] Pass 'Pass 'appPackage' step 
2017-04-10 09:58:39,895 INFO  [Log] Pass 'Pass 'appPackage' step 
2017-04-10 10:01:04,041 INFO  [Log] Pass 'Pass 'appPackage' step 
2017-04-10 10:03:37,549 INFO  [Log] Pass 'Pass 'appPackage' step 
2017-04-10 10:06:09,642 INFO  [Log] Pass 'Pass 'appPackage' step 
2017-04-10 10:06:42,010 INFO  [Log] Pass 'Pass 'appPackage' step 
2017-04-10 10:09:01,207 INFO  [Log] Pass 'Pass 'appPackage' step 
2017-04-10 10:10:13,721 INFO  [Log] Pass 'AndroidDriver' step 
2017-04-10 10:10:22,320 INFO  [Log] Click on Skip button 
2017-04-10 10:10:28,856 INFO  [Log] Type 685902238 phone number 
2017-04-10 10:10:29,824 INFO  [Log] Click on Login In button 
2017-04-10 10:10:32,021 INFO  [Log] Click on Continue button 
2017-04-10 10:10:35,095 INFO  [Log] Click on Trial Exit button 
2017-04-10 10:10:37,187 INFO  [Log] Click on Messages button 
2017-04-10 10:37:27,971 INFO  [Log] Pass 'Pass 'appPackage' step 
2017-04-10 10:37:48,657 INFO  [Log] Pass 'AndroidDriver' step 
2017-04-10 10:37:55,979 INFO  [Log] Click on Skip button 
2017-04-10 10:38:03,377 INFO  [Log] Type 685902238 phone number 
2017-04-10 10:38:07,145 INFO  [Log] Click on Login In button 
2017-04-10 10:39:01,549 INFO  [Log] Pass 'Pass 'appPackage' step 
2017-04-10 10:39:32,253 INFO  [Log] Pass 'Pass 'appPackage' step 
2017-04-10 10:40:44,286 INFO  [Log] Pass 'Pass 'appPackage' step 
2017-04-10 10:41:01,761 INFO  [Log] Pass 'AndroidDriver' step 
2017-04-10 10:44:04,923 INFO  [Log] Pass 'Pass 'appPackage' step 
2017-04-10 10:44:21,936 INFO  [Log] Pass 'AndroidDriver' step 
2017-04-10 10:44:46,813 INFO  [Log] Pass 'Pass 'appPackage' step 
2017-04-10 10:45:09,941 INFO  [Log] Pass 'Pass 'appPackage' step 
2017-04-10 10:45:31,305 INFO  [Log] Pass 'Pass 'appPackage' step 
2017-04-10 10:45:47,526 INFO  [Log] Pass 'AndroidDriver' step 
2017-04-10 10:46:32,287 INFO  [Log] Pass 'Pass 'appPackage' step 
2017-04-10 10:47:00,545 INFO  [Log] Pass 'Pass 'appPackage' step 
2017-04-10 10:47:16,966 INFO  [Log] Pass 'AndroidDriver' step 
2017-04-10 10:47:23,455 INFO  [Log] Click on Skip button 
2017-04-10 10:47:29,930 INFO  [Log] Type 685902238 phone number 
2017-04-10 10:47:30,830 INFO  [Log] Click on Login In button 
2017-04-10 10:47:32,879 INFO  [Log] Click on Continue button 
2017-04-10 10:47:35,833 INFO  [Log] Click on Trial Exit button 
2017-04-10 10:47:38,165 INFO  [Log] Click on Messages button 
2017-04-10 12:15:05,384 INFO  [Log] Pass 'Pass 'appPackage' step 
2017-04-10 12:15:42,884 INFO  [Log] Pass 'AndroidDriver' step 
2017-04-10 12:17:38,092 INFO  [Log] Pass 'Pass 'appPackage' step 
2017-04-10 12:18:14,497 INFO  [Log] Pass 'AndroidDriver' step 
2017-04-10 12:19:09,694 INFO  [Log] Pass 'Pass 'appPackage' step 
2017-04-10 12:19:21,880 INFO  [Log] Pass 'Pass 'appPackage' step 
2017-04-10 12:19:57,827 INFO  [Log] Pass 'AndroidDriver' step 
2017-04-10 12:20:56,188 INFO  [Log] Pass 'Pass 'appPackage' step 
2017-04-10 12:21:04,549 INFO  [Log] Pass 'Pass 'appPackage' step 
2017-04-10 12:21:40,310 INFO  [Log] Pass 'AndroidDriver' step 
2017-04-10 12:22:23,993 INFO  [Log] Pass 'Pass 'appPackage' step 
2017-04-10 12:22:31,798 INFO  [Log] Pass 'Pass 'appPackage' step 
2017-04-10 12:22:45,800 INFO  [Log] Pass 'Pass 'appPackage' step 
2017-04-10 12:23:20,587 INFO  [Log] Pass 'AndroidDriver' step 
2017-04-10 13:40:15,691 INFO  [Log] Pass 'Pass 'appPackage' step 
2017-04-10 13:41:09,310 INFO  [Log] Pass 'Pass 'appPackage' step 
2017-04-10 13:43:55,235 INFO  [Log] Pass 'Pass 'appPackage' step 
2017-04-10 13:45:25,402 INFO  [Log] Pass 'Pass 'appPackage' step 
2017-04-10 13:58:21,907 INFO  [Log] Pass 'Pass 'appPackage' step 
2017-04-10 14:00:00,801 INFO  [Log] Pass 'Pass 'appPackage' step 
2017-04-10 14:01:50,178 INFO  [Log] Pass 'Pass 'appPackage' step 
2017-04-10 14:02:32,107 INFO  [Log] Pass 'AndroidDriver' step 
2017-04-10 14:02:40,249 INFO  [Log] Click on Skip button 
2017-04-10 14:02:47,037 INFO  [Log] Type 685902238 phone number 
2017-04-10 14:02:47,992 INFO  [Log] Click on Login In button 
2017-04-10 14:02:50,124 INFO  [Log] Click on Continue button 
2017-04-10 14:05:16,666 INFO  [Log] Pass 'Pass 'appPackage' step 
2017-04-10 14:05:50,222 INFO  [Log] Pass 'AndroidDriver' step 
2017-04-10 14:07:41,074 INFO  [Log] Pass 'Pass 'appPackage' step 
2017-04-10 14:14:35,120 INFO  [Log] Pass 'Pass 'appPackage' step 
2017-04-10 14:15:25,314 INFO  [Log] Pass 'AndroidDriver' step 
2017-04-10 14:17:10,252 INFO  [Log] Pass 'Pass 'appPackage' step 
2017-04-10 14:19:30,321 INFO  [Log] Pass 'Pass 'appPackage' step 
2017-04-10 14:20:04,321 INFO  [Log] Pass 'AndroidDriver' step 
2017-04-10 14:20:16,746 INFO  [Log] Type 685902238 phone number 
2017-04-10 14:20:17,700 INFO  [Log] Click on Login In button 
2017-04-10 14:20:19,718 INFO  [Log] Click on Continue button 
2017-04-10 14:22:02,081 INFO  [Log] Pass 'Pass 'appPackage' step 
2017-04-10 14:22:13,661 INFO  [Log] Pass 'Pass 'appPackage' step 
2017-04-10 14:22:50,094 INFO  [Log] Pass 'Pass 'appPackage' step 
2017-04-10 14:23:23,830 INFO  [Log] Pass 'AndroidDriver' step 
2017-04-10 14:23:56,532 INFO  [Log] Pass 'Pass 'appPackage' step 
2017-04-10 14:24:30,140 INFO  [Log] Pass 'AndroidDriver' step 
2017-04-10 14:25:56,089 INFO  [Log] Pass 'Pass 'appPackage' step 
2017-04-10 14:26:29,799 INFO  [Log] Pass 'AndroidDriver' step 
2017-04-10 14:33:03,721 INFO  [Log] Pass 'Pass 'appPackage' step 
2017-04-10 14:33:44,991 INFO  [Log] Pass 'AndroidDriver' step 
2017-04-10 14:36:20,760 INFO  [Log] Pass 'Pass 'appPackage' step 
2017-04-10 14:36:56,193 INFO  [Log] Pass 'AndroidDriver' step 
2017-04-10 14:37:14,908 INFO  [Log] Pass 'Pass 'appPackage' step 
2017-04-10 14:37:49,178 INFO  [Log] Pass 'AndroidDriver' step 
2017-04-11 05:47:02,081 INFO  [Log] Pass 'Pass 'appPackage' step 
2017-04-11 05:47:32,684 INFO  [Log] Pass 'AndroidDriver' step 
2017-04-11 05:48:16,078 INFO  [Log] Pass 'Pass 'appPackage' step 
2017-04-11 05:48:31,877 INFO  [Log] Pass 'AndroidDriver' step 
2017-04-11 05:48:40,714 INFO  [Log] Type 685902238 phone number 
2017-04-11 05:48:41,628 INFO  [Log] Click on Login In button 
2017-04-11 06:01:52,469 INFO  [Log] Pass 'Pass 'appPackage' step 
2017-04-11 06:02:23,760 INFO  [Log] Pass 'Pass 'appPackage' step 
2017-04-11 06:02:42,769 INFO  [Log] Pass 'AndroidDriver' step 
2017-04-11 06:02:51,102 INFO  [Log] Type 685902238 phone number 
2017-04-11 06:02:52,063 INFO  [Log] Click on Login In button 
2017-04-11 06:02:54,195 INFO  [Log] Click on Continue button 
2017-04-11 06:02:57,379 INFO  [Log] Click on Trial Exit button 
2017-04-11 06:02:59,362 INFO  [Log] Click on Messages button 
2017-04-11 09:51:33,114 INFO  [Log] Pass 'Pass 'appPackage' step 
2017-04-11 09:51:52,906 INFO  [Log] Pass 'AndroidDriver' step 
2017-04-11 10:06:10,547 INFO  [Log] Pass 'Pass 'appPackage' step 
2017-04-11 10:06:20,635 INFO  [Log] Pass 'AndroidDriver' step 
2017-04-11 10:13:11,068 INFO  [Log] Pass 'Pass 'appPackage' step 
2017-04-11 10:13:28,630 INFO  [Log] Pass 'AndroidDriver' step 
2017-04-11 10:14:03,424 INFO  [Log] Pass 'Pass 'appPackage' step 
2017-04-11 10:14:20,332 INFO  [Log] Pass 'AndroidDriver' step 
2017-04-11 10:14:57,516 INFO  [Log] Pass 'Pass 'appPackage' step 
2017-04-11 10:15:58,986 INFO  [Log] Pass 'AndroidDriver' step 
2017-04-11 10:17:05,655 INFO  [Log] Pass 'Pass 'appPackage' step 
2017-04-11 10:17:21,257 INFO  [Log] Pass 'AndroidDriver' step 
2017-04-11 10:17:24,889 INFO  [Log] Click on Skip button 
2017-04-11 10:17:31,685 INFO  [Log] Type 685902238 phone number 
2017-04-11 10:17:33,201 INFO  [Log] Click on Login In button 
2017-04-11 10:17:49,137 INFO  [Log] Click on Continue button 
2017-04-11 10:22:13,690 INFO  [Log] Pass 'Pass 'appPackage' step 
2017-04-11 10:22:29,303 INFO  [Log] Pass 'AndroidDriver' step 
2017-04-11 10:23:13,958 INFO  [Log] Pass 'Pass 'appPackage' step 
2017-04-11 10:23:53,674 INFO  [Log] Pass 'AndroidDriver' step 
2017-04-11 10:23:59,373 INFO  [Log] Click on Skip button 
2017-04-11 10:24:06,310 INFO  [Log] Type 685902238 phone number 
2017-04-11 10:24:10,064 INFO  [Log] Click on Login In button 
2017-04-11 10:24:16,515 INFO  [Log] Click on Continue button 
2017-04-11 10:24:21,454 INFO  [Log] Click on Trial Exit button 
2017-04-11 10:27:14,964 INFO  [Log] Pass 'Pass 'appPackage' step 
2017-04-11 10:27:23,466 INFO  [Log] Pass 'AndroidDriver' step 
2017-04-11 10:29:42,436 INFO  [Log] Pass 'Pass 'appPackage' step 
2017-04-11 10:29:49,834 INFO  [Log] Pass 'AndroidDriver' step 
2017-04-11 10:32:44,355 INFO  [Log] Pass 'Pass 'appPackage' step 
2017-04-11 10:32:51,720 INFO  [Log] Pass 'AndroidDriver' step 
2017-04-11 10:33:37,544 INFO  [Log] Pass 'Pass 'appPackage' step 
2017-04-11 10:33:45,229 INFO  [Log] Pass 'AndroidDriver' step 
2017-04-11 10:33:51,964 INFO  [Log] Click on Messages button 
2017-04-11 10:57:38,719 INFO  [Log] Pass 'Pass 'appPackage' step 
2017-04-11 10:57:49,064 INFO  [Log] Pass 'AndroidDriver' step 
2017-04-11 10:57:54,601 INFO  [Log] Click on Messages button 
2017-04-11 10:58:26,748 INFO  [Log] Pass 'Pass 'appPackage' step 
2017-04-11 10:58:33,893 INFO  [Log] Pass 'AndroidDriver' step 
2017-04-11 10:58:37,903 INFO  [Log] Click on Messages button 
2017-04-11 10:58:39,548 INFO  [Log] Click on + button 
2017-04-11 10:58:44,445 INFO  [Log] Type 0681108612 
2017-04-11 11:11:59,968 INFO  [Log] Pass 'Pass 'appPackage' step 
2017-04-11 11:12:07,327 INFO  [Log] Pass 'AndroidDriver' step 
2017-04-11 11:12:12,947 INFO  [Log] Click on Messages button 
2017-04-11 11:12:15,363 INFO  [Log] Click on + button 
2017-04-11 11:12:18,975 INFO  [Log] Click on the first row name 
2017-04-11 11:12:21,073 INFO  [Log] Click on -> 'invite container' 
2017-04-11 11:12:28,220 INFO  [Log] Type 'This is a test 1.' 
2017-04-11 11:12:29,423 INFO  [Log] Click on > 'btn_message_send' 
2017-04-11 11:12:31,933 INFO  [Log] Click on <- 'ImageButton' 
2017-04-11 11:20:39,553 INFO  [Log] Pass 'Pass 'appPackage' step 
2017-04-11 11:20:47,290 INFO  [Log] Pass 'AndroidDriver' step 
2017-04-11 11:20:51,771 INFO  [Log] Click on Messages button 
2017-04-11 11:20:53,511 INFO  [Log] Click on + button 
2017-04-11 11:20:58,877 INFO  [Log] Click on the first row name 
2017-04-11 11:21:01,193 INFO  [Log] Click on -> 'invite container' 
2017-04-11 11:21:08,105 INFO  [Log] Type 'This is a test 1.' 
2017-04-11 11:21:09,298 INFO  [Log] Click on > 'btn_message_send' 
2017-04-11 11:21:12,239 INFO  [Log] Click on <- 'ImageButton' 
2017-04-11 11:22:59,123 INFO  [Log] Pass 'Pass 'appPackage' step 
2017-04-11 11:23:07,188 INFO  [Log] Pass 'AndroidDriver' step 
2017-04-11 11:23:15,084 INFO  [Log] Click on Messages button 
2017-04-11 11:23:17,578 INFO  [Log] Click on + button 
2017-04-11 11:23:21,217 INFO  [Log] Click on the first row name 
2017-04-11 11:23:23,322 INFO  [Log] Click on -> 'invite container' 
2017-04-11 11:23:30,531 INFO  [Log] Type 'This is a test 1.' 
2017-04-11 11:23:31,493 INFO  [Log] Click on > 'btn_message_send' 
2017-04-11 11:23:34,236 INFO  [Log] Click on <- 'ImageButton' 
2017-04-11 11:23:35,128 INFO  [Log] Click on Menu 
2017-04-11 11:23:36,573 INFO  [Log] Click on Messages button 
2017-04-11 11:23:38,281 INFO  [Log] Click on the second contact 
2017-04-11 11:26:02,294 INFO  [Log] Pass 'Pass 'appPackage' step 
2017-04-11 11:26:10,161 INFO  [Log] Pass 'AndroidDriver' step 
2017-04-11 11:26:18,484 INFO  [Log] Click on Messages button 
2017-04-11 11:26:21,873 INFO  [Log] Click on + button 
2017-04-11 11:26:25,570 INFO  [Log] Click on the first row name 
2017-04-11 11:26:27,941 INFO  [Log] Click on -> 'invite container' 
2017-04-11 11:26:35,676 INFO  [Log] Type 'This is a test 1.' 
2017-04-11 11:26:36,933 INFO  [Log] Click on > 'btn_message_send' 
2017-04-11 11:26:39,128 INFO  [Log] Click on <- 'ImageButton' 
2017-04-11 11:26:40,132 INFO  [Log] Click on Menu 
2017-04-11 11:26:41,596 INFO  [Log] Click on Messages button 
2017-04-11 11:54:47,815 INFO  [Log] Pass 'Pass 'appPackage' step 
2017-04-11 11:55:06,951 INFO  [Log] Pass 'AndroidDriver' step 
2017-04-11 11:55:10,682 INFO  [Log] Click on Messages button 
2017-04-11 11:55:13,990 INFO  [Log] Click on + button 
2017-04-11 11:55:17,687 INFO  [Log] Click on the first row name 
2017-04-11 11:55:20,889 INFO  [Log] Click on -> 'invite container' 
2017-04-11 11:55:26,584 INFO  [Log] Type 'This is a test 1.' 
2017-04-11 11:55:27,595 INFO  [Log] Click on > 'btn_message_send' 
2017-04-11 11:55:30,321 INFO  [Log] Click on <- 'ImageButton' 
2017-04-11 11:55:30,994 INFO  [Log] Click on Menu 
2017-04-11 11:55:32,358 INFO  [Log] Click on Messages button 
2017-04-11 11:55:33,935 INFO  [Log] Click on the second contact 
2017-04-11 11:55:42,035 INFO  [Log] Type 'This is a test 2.' 
2017-04-11 11:55:42,962 INFO  [Log] Click on > 'btn_message_send' 
2017-04-11 11:55:45,957 INFO  [Log] Click on <- 'ImageButton' 
2017-04-11 12:58:27,387 INFO  [Log] Pass 'Pass 'appPackage' step 
2017-04-11 12:58:46,123 INFO  [Log] Pass 'AndroidDriver' step 
2017-04-11 12:58:51,003 INFO  [Log] Click on Messages button 
2017-04-11 12:58:53,685 INFO  [Log] Click on + button 
2017-04-11 12:58:59,361 INFO  [Log] Click on Search 
2017-04-11 12:59:00,505 INFO  [Log] Click on the first row name 
2017-04-11 12:59:02,820 INFO  [Log] Click on -> 'invite container' 
2017-04-11 12:59:10,592 INFO  [Log] Type 'This is a test 1.' 
2017-04-11 12:59:11,853 INFO  [Log] Click on > 'btn_message_send' 
2017-04-11 12:59:14,537 INFO  [Log] Click on <- 'ImageButton' 
2017-04-11 12:59:15,489 INFO  [Log] Click on Menu 
2017-04-11 12:59:16,911 INFO  [Log] Click on Messages button 
2017-04-11 13:03:59,455 INFO  [Log] Pass 'Pass 'appPackage' step 
2017-04-11 13:04:07,484 INFO  [Log] Pass 'AndroidDriver' step 
2017-04-11 13:04:13,009 INFO  [Log] Click on Messages button 
2017-04-11 13:04:16,270 INFO  [Log] Click on + button 
2017-04-11 13:04:22,773 INFO  [Log] Click on Search 
2017-04-11 13:04:25,457 INFO  [Log] Click on the first row name 
2017-04-11 13:04:27,746 INFO  [Log] Click on -> 'invite container' 
2017-04-11 13:04:34,082 INFO  [Log] Type 'This is a test 1.' 
2017-04-11 13:04:35,022 INFO  [Log] Click on > 'btn_message_send' 
2017-04-11 13:04:37,864 INFO  [Log] Click on <- 'ImageButton' 
2017-04-11 13:04:38,826 INFO  [Log] Click on Menu 
2017-04-11 13:04:40,293 INFO  [Log] Click on Messages button 
2017-04-11 13:04:41,526 INFO  [Log] Click on Search 
2017-04-11 13:04:48,558 INFO  [Log] Type 0681108612 
2017-04-11 13:13:39,617 INFO  [Log] Pass 'Pass 'appPackage' step 
2017-04-11 13:13:52,695 INFO  [Log] Pass 'AndroidDriver' step 
2017-04-11 13:14:02,541 INFO  [Log] Click on Messages button 
2017-04-11 13:14:05,807 INFO  [Log] Click on + button 
2017-04-11 13:14:20,988 INFO  [Log] Click on Search 
2017-04-11 13:14:24,350 INFO  [Log] Click on the first row name 
2017-04-11 13:14:26,851 INFO  [Log] Click on -> 'invite container' 
2017-04-11 13:14:33,906 INFO  [Log] Type 'This is a test 1.' 
2017-04-11 13:14:34,946 INFO  [Log] Click on > 'btn_message_send' 
2017-04-11 13:14:37,388 INFO  [Log] Click on <- 'ImageButton' 
2017-04-11 13:14:38,448 INFO  [Log] Click on Menu 
2017-04-11 13:14:39,840 INFO  [Log] Click on Messages button 
2017-04-11 13:14:41,555 INFO  [Log] Click on the first contact 
2017-04-11 13:14:49,348 INFO  [Log] Type 'This is a test 2.' 
2017-04-11 13:14:50,423 INFO  [Log] Click on > 'btn_message_send' 
2017-04-11 13:14:53,274 INFO  [Log] Click on <- 'ImageButton' 
2017-04-11 13:45:27,703 INFO  [Log] Pass 'Pass 'appPackage' step 
2017-04-11 13:45:40,556 INFO  [Log] Pass 'AndroidDriver' step 
2017-04-11 13:45:47,391 INFO  [Log] Click on Messages button 
2017-04-11 13:45:50,720 INFO  [Log] Click on + button 
2017-04-11 13:45:58,742 INFO  [Log] Click on Search 
2017-04-11 13:45:59,938 INFO  [Log] Click on the first row name 
2017-04-11 13:46:02,538 INFO  [Log] Click on -> 'invite container' 
2017-04-11 13:46:10,385 INFO  [Log] Type 'This is a test 1.' 
2017-04-11 13:46:11,345 INFO  [Log] Click on > 'btn_message_send' 
2017-04-11 13:46:13,600 INFO  [Log] Click on <- 'ImageButton' 
2017-04-11 13:46:14,598 INFO  [Log] Click on Menu 
2017-04-11 13:46:16,224 INFO  [Log] Click on Messages button 
2017-04-11 13:46:18,090 INFO  [Log] Click on the first contact 
2017-04-11 13:46:25,918 INFO  [Log] Type 'This is a test 2.' 
2017-04-11 13:46:26,836 INFO  [Log] Click on > 'btn_message_send' 
2017-04-11 13:46:29,242 INFO  [Log] Click on <- 'ImageButton' 
2017-04-12 10:29:24,307 INFO  [Log] Pass 'Pass 'appPackage' step 
2017-04-12 10:29:40,145 INFO  [Log] Pass 'AndroidDriver' step 
2017-04-12 10:29:47,166 INFO  [Log] Click on Messages button 
2017-04-12 10:29:50,748 INFO  [Log] Click on + button 
2017-04-12 10:29:57,791 INFO  [Log] Click on Search 
2017-04-12 10:30:00,663 INFO  [Log] Click on the first row name 
2017-04-12 10:30:03,226 INFO  [Log] Click on -> 'invite container' 
2017-04-12 10:30:10,039 INFO  [Log] Type 'This is a test 1.' 
2017-04-12 10:30:11,075 INFO  [Log] Click on > 'btn_message_send' 
2017-04-12 10:30:12,862 INFO  [Log] Click on <- 'ImageButton' 
2017-04-12 10:30:13,913 INFO  [Log] Click on Menu 
2017-04-12 10:30:15,509 INFO  [Log] Click on Messages button 
2017-04-12 10:30:17,453 INFO  [Log] Click on the first contact 
2017-04-12 10:30:25,430 INFO  [Log] Type 'This is a test 2.' 
2017-04-12 10:30:26,342 INFO  [Log] Click on > 'btn_message_send' 
2017-04-12 10:30:29,089 INFO  [Log] Click on <- 'ImageButton' 
2017-04-12 10:55:11,588 INFO  [Log] Pass 'Pass 'appPackage' step 
2017-04-12 10:55:21,090 INFO  [Log] Pass 'AndroidDriver' step 
2017-04-12 10:55:27,668 INFO  [Log] Click on Messages button 
2017-04-12 10:55:30,930 INFO  [Log] Click on + button 
2017-04-12 10:55:35,752 INFO  [Log] Click on Search 
2017-04-12 10:55:36,356 INFO  [Log] Click on the first row name 
2017-04-12 10:55:38,688 INFO  [Log] Click on -> 'invite container' 
2017-04-12 10:55:46,667 INFO  [Log] Type 'This is a test 1.' 
2017-04-12 10:55:47,625 INFO  [Log] Click on > 'btn_message_send' 
2017-04-12 10:55:50,532 INFO  [Log] Click on <- 'ImageButton' 
2017-04-12 10:55:51,369 INFO  [Log] Click on Menu 
2017-04-12 10:55:53,329 INFO  [Log] Click on Messages button 
2017-04-12 10:55:54,768 INFO  [Log] Click on the first contact 
2017-04-12 10:56:02,874 INFO  [Log] Type 'This is a test 2.' 
2017-04-12 10:56:03,885 INFO  [Log] Click on > 'btn_message_send' 
2017-04-12 10:56:07,024 INFO  [Log] Click on <- 'ImageButton' 
2017-04-12 11:17:18,169 INFO  [Log] Pass 'Pass 'appPackage' step 
2017-04-12 11:17:26,841 INFO  [Log] Pass 'AndroidDriver' step 
2017-04-12 11:17:32,142 INFO  [Log] Click on Menu 
2017-04-12 11:21:40,000 INFO  [Log] Pass 'Pass 'appPackage' step 
2017-04-12 11:21:50,926 INFO  [Log] Pass 'AndroidDriver' step 
2017-04-12 11:21:56,081 INFO  [Log] Click on Menu 
2017-04-12 11:34:07,392 INFO  [Log] Pass 'Pass 'appPackage' step 
2017-04-12 11:34:15,588 INFO  [Log] Pass 'AndroidDriver' step 
2017-04-12 11:34:21,147 INFO  [Log] Click on Menu 
2017-04-12 11:34:55,596 INFO  [Log] Pass 'Pass 'appPackage' step 
2017-04-12 11:35:18,512 INFO  [Log] Pass 'Pass 'appPackage' step 
2017-04-12 11:35:26,258 INFO  [Log] Pass 'AndroidDriver' step 
2017-04-12 11:35:31,261 INFO  [Log] Click on Messages button 
2017-04-12 11:35:33,301 INFO  [Log] Click on + button 
2017-04-12 11:35:40,363 INFO  [Log] Click on Search 
2017-04-12 11:35:40,950 INFO  [Log] Click on the first row name 
2017-04-12 11:35:43,533 INFO  [Log] Click on -> 'invite container' 
2017-04-12 11:35:51,751 INFO  [Log] Type 'This is a test 1.' 
2017-04-12 11:35:52,772 INFO  [Log] Click on > 'btn_message_send' 
2017-04-12 11:35:55,398 INFO  [Log] Click on <- 'ImageButton' 
2017-04-12 11:36:15,876 INFO  [Log] Pass 'Pass 'appPackage' step 
2017-04-12 11:36:24,235 INFO  [Log] Pass 'AndroidDriver' step 
2017-04-12 11:36:29,397 INFO  [Log] Click on Menu 
2017-04-12 11:40:21,403 INFO  [Log] Pass 'Pass 'appPackage' step 
2017-04-12 11:40:28,825 INFO  [Log] Pass 'AndroidDriver' step 
2017-04-12 11:40:34,460 INFO  [Log] Click on Menu 
2017-04-12 11:42:43,145 INFO  [Log] Pass 'Pass 'appPackage' step 
2017-04-12 11:42:50,816 INFO  [Log] Pass 'AndroidDriver' step 
2017-04-12 11:42:56,462 INFO  [Log] Click on Messages button 
2017-04-12 11:42:59,787 INFO  [Log] Click on + button 
2017-04-12 11:43:05,968 INFO  [Log] Click on Search 
2017-04-12 11:43:07,835 INFO  [Log] Click on the first row name 
2017-04-12 11:43:10,410 INFO  [Log] Click on -> 'invite container' 
2017-04-12 11:43:15,967 INFO  [Log] Type 'This is a test 1.' 
2017-04-12 11:43:16,953 INFO  [Log] Click on > 'btn_message_send' 
2017-04-12 11:43:19,925 INFO  [Log] Click on <- 'ImageButton' 
2017-04-12 11:43:20,952 INFO  [Log] Click on Menu 
2017-04-12 11:43:22,400 INFO  [Log] Click on Messages button 
2017-04-12 11:43:24,139 INFO  [Log] Click on the first contact 
2017-04-12 11:43:31,410 INFO  [Log] Type 'This is a test 1.' 
2017-04-12 11:43:32,379 INFO  [Log] Click on > 'btn_message_send' 
2017-04-12 11:44:38,273 INFO  [Log] Pass 'Pass 'appPackage' step 
2017-04-12 11:44:46,204 INFO  [Log] Pass 'AndroidDriver' step 
2017-04-12 11:44:49,232 INFO  [Log] Click on Messages button 
2017-04-12 11:44:51,784 INFO  [Log] Click on + button 
2017-04-12 11:44:59,492 INFO  [Log] Click on Search 
2017-04-12 11:45:00,030 INFO  [Log] Click on the first row name 
2017-04-12 11:45:03,229 INFO  [Log] Click on -> 'invite container' 
2017-04-12 11:45:09,900 INFO  [Log] Type 'This is a test 1.' 
2017-04-12 11:45:11,116 INFO  [Log] Click on > 'btn_message_send' 
2017-04-12 11:45:13,868 INFO  [Log] Click on <- 'ImageButton' 
2017-04-12 11:45:14,743 INFO  [Log] Click on Menu 
2017-04-12 11:45:16,150 INFO  [Log] Click on Messages button 
2017-04-12 11:45:17,859 INFO  [Log] Click on the first contact 
2017-04-12 11:45:25,925 INFO  [Log] Type 'This is a test 1.' 
2017-04-12 11:45:26,937 INFO  [Log] Click on > 'btn_message_send' 
2017-04-12 11:48:39,058 INFO  [Log] Pass 'Pass 'appPackage' step 
2017-04-12 11:48:46,302 INFO  [Log] Pass 'AndroidDriver' step 
2017-04-12 11:48:51,699 INFO  [Log] Click on Messages button 
2017-04-12 11:48:54,440 INFO  [Log] Click on + button 
2017-04-12 11:48:59,560 INFO  [Log] Click on Search 
2017-04-12 11:49:00,151 INFO  [Log] Click on the first row name 
2017-04-12 11:49:02,646 INFO  [Log] Click on -> 'invite container' 
2017-04-12 11:49:10,267 INFO  [Log] Type 'This is a test 2.' 
2017-04-12 11:49:11,201 INFO  [Log] Click on > 'btn_message_send' 
2017-04-12 11:49:13,912 INFO  [Log] Click on <- 'ImageButton' 
2017-04-12 11:49:13,912 INFO  [Log] ------------------- 
2017-04-12 11:49:14,870 INFO  [Log] Click on Menu 
2017-04-12 11:49:16,295 INFO  [Log] Click on Messages button 
2017-04-12 11:49:18,174 INFO  [Log] Click on the first contact 
2017-04-12 11:49:26,121 INFO  [Log] Type 'This is a test 2.' 
2017-04-12 11:49:27,111 INFO  [Log] Click on > 'btn_message_send' 
2017-04-12 11:49:27,111 INFO  [Log] ------------------- 
